<?xml version="1.0" encoding="UTF-8"?>
<testng-results ignored="0" total="5" passed="4" failed="1" skipped="0">
  <reporter-output>
  </reporter-output>
  <suite started-at="2020-11-26T19:52:51 EET" name="Default suite" finished-at="2020-11-26T19:53:03 EET" duration-ms="12300">
    <groups>
    </groups>
    <test started-at="2020-11-26T19:52:51 EET" name="Default test" finished-at="2020-11-26T19:53:03 EET" duration-ms="12300">
      <class name="BOM.EconomyLotParking">
        <test-method is-config="true" signature="setUp()[pri:0, instance:BOM.EconomyLotParking@77f80c04]" started-at="2020-11-26T19:52:51 EET" name="setUp" finished-at="2020-11-26T19:52:58 EET" duration-ms="6953" status="PASS">
          <reporter-output>
          </reporter-output>
        </test-method> <!-- setUp -->
        <test-method signature="ChooseaParkingLot01()[pri:1, instance:BOM.EconomyLotParking@77f80c04]" started-at="2020-11-26T19:52:58 EET" name="ChooseaParkingLot01" finished-at="2020-11-26T19:52:59 EET" duration-ms="595" status="PASS">
          <reporter-output>
          </reporter-output>
        </test-method> <!-- ChooseaParkingLot01 -->
        <test-method signature="ChooseaParkingLot02()[pri:2, instance:BOM.EconomyLotParking@77f80c04]" started-at="2020-11-26T19:52:59 EET" name="ChooseaParkingLot02" finished-at="2020-11-26T19:52:59 EET" duration-ms="622" status="PASS">
          <reporter-output>
          </reporter-output>
        </test-method> <!-- ChooseaParkingLot02 -->
        <test-method signature="ChooseaParkingLot03()[pri:3, instance:BOM.EconomyLotParking@77f80c04]" started-at="2020-11-26T19:52:59 EET" name="ChooseaParkingLot03" finished-at="2020-11-26T19:53:01 EET" duration-ms="1098" status="PASS">
          <reporter-output>
          </reporter-output>
        </test-method> <!-- ChooseaParkingLot03 -->
        <test-method signature="ChooseaParkingLot04()[pri:4, instance:BOM.EconomyLotParking@77f80c04]" started-at="2020-11-26T19:53:01 EET" name="ChooseaParkingLot04" finished-at="2020-11-26T19:53:01 EET" duration-ms="752" status="FAIL">
          <exception class="java.lang.AssertionError">
            <message>
              <![CDATA[expected [ERROR! Your Leaving Date Or Time Is Before Your Starting Date or Time] but found [$ 0.00        (-1 Days, 0 Hours, 0 Minutes)]]]>
            </message>
            <full-stacktrace>
              <![CDATA[java.lang.AssertionError: expected [ERROR! Your Leaving Date Or Time Is Before Your Starting Date or Time] but found [$ 0.00        (-1 Days, 0 Hours, 0 Minutes)]
at org.testng.Assert.fail(Assert.java:99)
at org.testng.Assert.failNotEquals(Assert.java:1037)
at org.testng.Assert.assertEqualsImpl(Assert.java:140)
at org.testng.Assert.assertEquals(Assert.java:122)
at org.testng.Assert.assertEquals(Assert.java:629)
at org.testng.Assert.assertEquals(Assert.java:639)
at BOM.EconomyLotParking.ChooseaParkingLot04(EconomyLotParking.java:73)
at java.base/jdk.internal.reflect.NativeMethodAccessorImpl.invoke0(Native Method)
at java.base/jdk.internal.reflect.NativeMethodAccessorImpl.invoke(NativeMethodAccessorImpl.java:62)
at java.base/jdk.internal.reflect.DelegatingMethodAccessorImpl.invoke(DelegatingMethodAccessorImpl.java:43)
at java.base/java.lang.reflect.Method.invoke(Method.java:564)
at org.testng.internal.MethodInvocationHelper.invokeMethod(MethodInvocationHelper.java:132)
at org.testng.internal.TestInvoker.invokeMethod(TestInvoker.java:599)
at org.testng.internal.TestInvoker.invokeTestMethod(TestInvoker.java:174)
at org.testng.internal.MethodRunner.runInSequence(MethodRunner.java:46)
at org.testng.internal.TestInvoker$MethodInvocationAgent.invoke(TestInvoker.java:822)
at org.testng.internal.TestInvoker.invokeTestMethods(TestInvoker.java:147)
at org.testng.internal.TestMethodWorker.invokeTestMethods(TestMethodWorker.java:146)
at org.testng.internal.TestMethodWorker.run(TestMethodWorker.java:128)
at java.base/java.util.ArrayList.forEach(ArrayList.java:1511)
at org.testng.TestRunner.privateRun(TestRunner.java:764)
at org.testng.TestRunner.run(TestRunner.java:585)
at org.testng.SuiteRunner.runTest(SuiteRunner.java:384)
at org.testng.SuiteRunner.runSequentially(SuiteRunner.java:378)
at org.testng.SuiteRunner.privateRun(SuiteRunner.java:337)
at org.testng.SuiteRunner.run(SuiteRunner.java:286)
at org.testng.SuiteRunnerWorker.runSuite(SuiteRunnerWorker.java:53)
at org.testng.SuiteRunnerWorker.run(SuiteRunnerWorker.java:96)
at org.testng.TestNG.runSuitesSequentially(TestNG.java:1218)
at org.testng.TestNG.runSuitesLocally(TestNG.java:1140)
at org.testng.TestNG.runSuites(TestNG.java:1069)
at org.testng.TestNG.run(TestNG.java:1037)
at org.testng.remote.AbstractRemoteTestNG.run(AbstractRemoteTestNG.java:115)
at org.testng.remote.RemoteTestNG.initAndRun(RemoteTestNG.java:251)
at org.testng.remote.RemoteTestNG.main(RemoteTestNG.java:77)
]]>
            </full-stacktrace>
          </exception> <!-- java.lang.AssertionError -->
          <reporter-output>
          </reporter-output>
        </test-method> <!-- ChooseaParkingLot04 -->
        <test-method signature="ChooseaParkingLot05()[pri:5, instance:BOM.EconomyLotParking@77f80c04]" started-at="2020-11-26T19:53:01 EET" name="ChooseaParkingLot05" finished-at="2020-11-26T19:53:03 EET" duration-ms="1950" status="PASS">
          <reporter-output>
          </reporter-output>
        </test-method> <!-- ChooseaParkingLot05 -->
        <test-method is-config="true" signature="teardown()[pri:0, instance:BOM.EconomyLotParking@77f80c04]" started-at="2020-11-26T19:53:03 EET" name="teardown" finished-at="2020-11-26T19:53:03 EET" duration-ms="274" status="PASS">
          <reporter-output>
          </reporter-output>
        </test-method> <!-- teardown -->
      </class> <!-- BOM.EconomyLotParking -->
    </test> <!-- Default test -->
  </suite> <!-- Default suite -->
</testng-results>
